2024-11-13 15:39:10,330 - WARNING - Python-dotenv could not parse statement starting at line 1
2024-11-13 15:39:10,330 - WARNING - Python-dotenv could not parse statement starting at line 2
2024-11-13 15:39:10,330 - WARNING - Python-dotenv could not parse statement starting at line 3
2024-11-13 15:39:10,330 - WARNING - Python-dotenv could not parse statement starting at line 4
2024-11-13 15:39:31,033 - WARNING - Python-dotenv could not parse statement starting at line 1
2024-11-13 15:39:31,033 - WARNING - Python-dotenv could not parse statement starting at line 2
2024-11-13 15:39:31,033 - WARNING - Python-dotenv could not parse statement starting at line 3
2024-11-13 15:39:31,033 - WARNING - Python-dotenv could not parse statement starting at line 4
2024-11-13 15:44:20,203 - WARNING - Python-dotenv could not parse statement starting at line 1
2024-11-13 15:44:20,203 - WARNING - Python-dotenv could not parse statement starting at line 2
2024-11-13 15:44:20,203 - WARNING - Python-dotenv could not parse statement starting at line 3
2024-11-13 15:44:20,203 - WARNING - Python-dotenv could not parse statement starting at line 4
2024-11-13 15:44:20,204 - INFO - Blockchain loaded successfully.
2024-11-13 15:44:20,205 - WARNING - Python-dotenv could not parse statement starting at line 1
2024-11-13 15:44:20,205 - WARNING - Python-dotenv could not parse statement starting at line 2
2024-11-13 15:44:20,205 - WARNING - Python-dotenv could not parse statement starting at line 3
2024-11-13 15:44:20,205 - WARNING - Python-dotenv could not parse statement starting at line 4
2024-11-13 15:44:20,218 - INFO - [31m[1mWARNING: This is a development server. Do not use it in a production deployment. Use a production WSGI server instead.[0m
 * Running on http://127.0.0.1:5000
2024-11-13 15:44:20,218 - INFO - [33mPress CTRL+C to quit[0m
2024-11-13 15:44:20,219 - INFO -  * Restarting with stat
2024-11-13 15:44:20,312 - WARNING - Python-dotenv could not parse statement starting at line 1
2024-11-13 15:44:20,312 - WARNING - Python-dotenv could not parse statement starting at line 2
2024-11-13 15:44:20,313 - WARNING - Python-dotenv could not parse statement starting at line 3
2024-11-13 15:44:20,313 - WARNING - Python-dotenv could not parse statement starting at line 4
2024-11-13 15:44:20,313 - INFO - Blockchain loaded successfully.
2024-11-13 15:44:20,314 - WARNING - Python-dotenv could not parse statement starting at line 1
2024-11-13 15:44:20,314 - WARNING - Python-dotenv could not parse statement starting at line 2
2024-11-13 15:44:20,314 - WARNING - Python-dotenv could not parse statement starting at line 3
2024-11-13 15:44:20,314 - WARNING - Python-dotenv could not parse statement starting at line 4
2024-11-13 15:44:20,318 - WARNING -  * Debugger is active!
2024-11-13 15:44:20,455 - INFO -  * Debugger PIN: 100-450-551
2024-11-13 15:44:29,181 - INFO - 127.0.0.1 - - [13/Nov/2024 15:44:29] "GET / HTTP/1.1" 200 -
2024-11-13 15:44:29,639 - INFO - 127.0.0.1 - - [13/Nov/2024 15:44:29] "[33mGET /favicon.ico HTTP/1.1[0m" 404 -
2024-11-13 15:44:48,064 - INFO - 127.0.0.1 - - [13/Nov/2024 15:44:48] "GET / HTTP/1.1" 200 -
2024-11-13 15:44:57,924 - INFO - 127.0.0.1 - - [13/Nov/2024 15:44:57] "GET /validate HTTP/1.1" 200 -
2024-11-13 15:45:02,411 - INFO - 127.0.0.1 - - [13/Nov/2024 15:45:02] "GET / HTTP/1.1" 200 -
2024-11-13 16:12:25,038 - INFO -  * Detected change in '/home/greg/Documents/greg_dev/boundless_py/blockchain_app.py', reloading
2024-11-13 16:12:25,920 - INFO -  * Restarting with stat
2024-11-13 16:12:26,176 - WARNING - Python-dotenv could not parse statement starting at line 1
2024-11-13 16:12:26,177 - WARNING - Python-dotenv could not parse statement starting at line 2
2024-11-13 16:12:26,177 - WARNING - Python-dotenv could not parse statement starting at line 3
2024-11-13 16:12:26,177 - WARNING - Python-dotenv could not parse statement starting at line 4
2024-11-13 16:12:26,178 - INFO - Blockchain loaded successfully.
2024-11-13 16:12:26,179 - WARNING - Python-dotenv could not parse statement starting at line 1
2024-11-13 16:12:26,179 - WARNING - Python-dotenv could not parse statement starting at line 2
2024-11-13 16:12:26,179 - WARNING - Python-dotenv could not parse statement starting at line 3
2024-11-13 16:12:26,179 - WARNING - Python-dotenv could not parse statement starting at line 4
